2023-04-01 00:36:16.307|1|select version()
2023-04-01 00:36:16.896|4|select * from information_schema.sequences
2023-04-01 00:36:17.023|0|select * from "public"."person" where 1=0
2023-04-01 00:36:17.034|0|select * from "public"."account" where 1=0
2023-04-01 00:36:17.037|0|select * from "public"."account" where 1=0
2023-04-01 00:36:17.044|0|select * from "public"."account" where 1=0
2023-04-01 00:36:17.046|0|select * from "public"."post" where 1=0
2023-04-01 00:36:17.053|0|select * from "public"."account" where 1=0
2023-04-01 00:36:33.673|2|select a1_0.id,a1_0.person_id,a1_0.username from account a1_0 where a1_0.id is not null order by a1_0.username asc offset 2 rows fetch first 2 rows only
2023-04-01 00:36:33.673|2|select a1_0.id,a1_0.person_id,a1_0.username from account a1_0 where a1_0.id is not null order by a1_0.username asc offset 0 rows fetch first 2 rows only
2023-04-01 00:36:33.673|2|select a1_0.id,a1_0.person_id,a1_0.username from account a1_0 where a1_0.id is not null order by a1_0.username asc offset 8 rows fetch first 2 rows only
2023-04-01 00:36:33.674|2|select a1_0.id,a1_0.person_id,a1_0.username from account a1_0 where a1_0.id is not null order by a1_0.username asc offset 6 rows fetch first 2 rows only
2023-04-01 00:36:33.674|3|select a1_0.id,a1_0.person_id,a1_0.username from account a1_0 where a1_0.id is not null order by a1_0.username asc offset 4 rows fetch first 2 rows only
2023-04-01 00:36:33.700|0|select count(a1_0.id) from account a1_0 where a1_0.id is not null
2023-04-01 00:36:33.700|0|select count(a1_0.id) from account a1_0 where a1_0.id is not null
2023-04-01 00:36:33.700|0|select count(a1_0.id) from account a1_0 where a1_0.id is not null
2023-04-01 00:36:33.700|0|select count(a1_0.id) from account a1_0 where a1_0.id is not null
2023-04-01 00:36:33.700|0|select count(a1_0.id) from account a1_0 where a1_0.id is not null
2023-04-01 00:36:33.704|0|
2023-04-01 00:36:33.704|0|
2023-04-01 00:36:33.704|0|
2023-04-01 00:36:33.704|0|
2023-04-01 00:36:33.704|0|
2023-04-01 00:36:34.342|589|select c1_0.id,a2_0.id,a2_0.person_id,a2_0.username,c1_0.content,p1_0.id,p1_0.content,p2_0.id,p2_0.person_id,p2_0.username from comment c1_0 join account a2_0 on a2_0.id=c1_0.user_id join post p1_0 on p1_0.id=c1_0.post_id left join account p2_0 on p2_0.id=p1_0.user_id where c1_0.user_id in('4028b8818739adaf018739add092009d','4028b8818739adaf018739add0920090')
2023-04-01 00:36:34.343|590|select c1_0.id,a2_0.id,a2_0.person_id,a2_0.username,c1_0.content,p1_0.id,p1_0.content,p2_0.id,p2_0.person_id,p2_0.username from comment c1_0 join account a2_0 on a2_0.id=c1_0.user_id join post p1_0 on p1_0.id=c1_0.post_id left join account p2_0 on p2_0.id=p1_0.user_id where c1_0.user_id in('4028b8818739adaf018739add0920094','4028b8818739adaf018739add09400c0')
2023-04-01 00:36:34.344|592|select c1_0.id,a2_0.id,a2_0.person_id,a2_0.username,c1_0.content,p1_0.id,p1_0.content,p2_0.id,p2_0.person_id,p2_0.username from comment c1_0 join account a2_0 on a2_0.id=c1_0.user_id join post p1_0 on p1_0.id=c1_0.post_id left join account p2_0 on p2_0.id=p1_0.user_id where c1_0.user_id in('4028b8818739adaf018739add092009b','4028b8818739adaf018739add092009c')
2023-04-01 00:36:34.349|596|select c1_0.id,a2_0.id,a2_0.person_id,a2_0.username,c1_0.content,p1_0.id,p1_0.content,p2_0.id,p2_0.person_id,p2_0.username from comment c1_0 join account a2_0 on a2_0.id=c1_0.user_id join post p1_0 on p1_0.id=c1_0.post_id left join account p2_0 on p2_0.id=p1_0.user_id where c1_0.user_id in('4028b8818739adaf018739add0920092','4028b8818739adaf018739add0920091')
2023-04-01 00:36:34.597|0|
2023-04-01 00:36:34.597|0|
2023-04-01 00:36:34.597|0|
2023-04-01 00:36:34.604|0|
2023-04-01 00:36:34.634|881|select c1_0.id,a2_0.id,a2_0.person_id,a2_0.username,c1_0.content,p1_0.id,p1_0.content,p2_0.id,p2_0.person_id,p2_0.username from comment c1_0 join account a2_0 on a2_0.id=c1_0.user_id join post p1_0 on p1_0.id=c1_0.post_id left join account p2_0 on p2_0.id=p1_0.user_id where c1_0.user_id in('4028b8818739adaf018739add09400bf','4028b8818739adaf018739add09400c1')
2023-04-01 00:36:34.766|0|
2023-04-01 00:36:35.117|0|
